/home/delus/Documents/TDSPP/TDSPP
opening:Data/n4T5gt1tt1s1.csv
read successful!
no previous ABSPT, this should only occur during first or second ABSPT
no previous ABSPT, this should only occur during first or second ABSPT
Iteration: 2
current lower bound=1.25448
current upper bound=2.13138
====================================================================
Printing Opt Path: 
(0,0)
(1,1.34)
(3,2.5674)
====================================================================
====================================================================
Printing Opt Path: 
(0,2.86862)
(1,2.8957)
(2,4.03846)
(3,5)
====================================================================
current lower bound=1.3674
current upper bound=1.9016
Iteration: 3
ABSPT:(0,0), resolved = 0
====================================================================
Printing Opt Path: 
(0,0)
(1,1.34)
(3,2.5674)
====================================================================
ABSPT:(0,2), resolved = 0
====================================================================
Printing Opt Path: 
(0,2)
(1,2.14)
(3,3.9016)
====================================================================
ABSPT:(3,5), resolved = 1
====================================================================
Printing Opt Path: 
(0,2.86862)
(1,2.8957)
(2,4.03846)
(3,5)
====================================================================
====================================================================
Printing Current ABSPTs:
(0,0), resolved = 0, lb = 1.3674, ub = 2.5674
(0,2), resolved = 0, lb = 1.78868, ub = 1.9016
(3,5), resolved = 1, lb = 2.13138, ub = 2.13138
====================================================================
current lower bound=1.5626
current upper bound=1.9016
Iteration: 4
ABSPT:(0,0), resolved = 0
====================================================================
Printing Opt Path: 
(0,0)
(1,1.34)
(3,2.5674)
====================================================================
ABSPT:(0,1), resolved = 0
====================================================================
Printing Opt Path: 
(0,1)
(1,1.66)
(3,3.0826)
====================================================================
ABSPT:(0,2), resolved = 0
====================================================================
Printing Opt Path: 
(0,2)
(1,2.14)
(3,3.9016)
====================================================================
ABSPT:(3,5), resolved = 1
====================================================================
Printing Opt Path: 
(0,2.86862)
(1,2.8957)
(2,4.03846)
(3,5)
====================================================================
====================================================================
Printing Current ABSPTs:
(0,0), resolved = 0, lb = 1.8874, ub = 2.5674
(0,1), resolved = 0, lb = 1.5626, ub = 2.0826
(0,2), resolved = 0, lb = 1.78868, ub = 1.9016
(3,5), resolved = 1, lb = 2.13138, ub = 2.13138
====================================================================
current lower bound=1.71427
current upper bound=1.9016
Iteration: 5
ABSPT:(0,0), resolved = 0
====================================================================
Printing Opt Path: 
(0,0)
(1,1.34)
(3,2.5674)
====================================================================
ABSPT:(0,1), resolved = 0
====================================================================
Printing Opt Path: 
(0,1)
(1,1.66)
(3,3.0826)
====================================================================
ABSPT:(1,2), resolved = 0
====================================================================
Printing Opt Path: 
(0,1.70833)
(1,2)
(3,3.63)
====================================================================
ABSPT:(0,2), resolved = 0
====================================================================
Printing Opt Path: 
(0,2)
(1,2.14)
(3,3.9016)
====================================================================
ABSPT:(3,5), resolved = 1
====================================================================
Printing Opt Path: 
(0,2.86862)
(1,2.8957)
(2,4.03846)
(3,5)
====================================================================
====================================================================
Printing Current ABSPTs:
(0,0), resolved = 0, lb = 1.8874, ub = 2.5674
(0,1), resolved = 0, lb = 1.71427, ub = 2.0826
(1,2), resolved = 0, lb = 1.77, ub = 1.92167
(0,2), resolved = 0, lb = 1.78868, ub = 1.9016
(3,5), resolved = 1, lb = 2.13138, ub = 2.13138
====================================================================
current lower bound=1.77
current upper bound=1.9016
Iteration: 6
ABSPT:(0,0), resolved = 0
====================================================================
Printing Opt Path: 
(0,0)
(1,1.34)
(3,2.5674)
====================================================================
ABSPT:(0,1), resolved = 1
====================================================================
Printing Opt Path: 
(0,1)
(1,1.66)
(3,3.0826)
====================================================================
ABSPT:(1,2), resolved = 0
====================================================================
Printing Opt Path: 
(0,1.70833)
(1,2)
(3,3.63)
====================================================================
ABSPT:(0,2), resolved = 0
====================================================================
Printing Opt Path: 
(0,2)
(1,2.14)
(3,3.9016)
====================================================================
ABSPT:(3,5), resolved = 1
====================================================================
Printing Opt Path: 
(0,2.86862)
(1,2.8957)
(2,4.03846)
(3,5)
====================================================================
====================================================================
Printing Current ABSPTs:
(0,0), resolved = 0, lb = 1.8874, ub = 2.5674
(0,1), resolved = 1, lb = 2.0826, ub = 2.0826
(1,2), resolved = 0, lb = 1.77, ub = 1.92167
(0,2), resolved = 0, lb = 1.78868, ub = 1.9016
(3,5), resolved = 1, lb = 2.13138, ub = 2.13138
====================================================================
current lower bound=1.77089
current upper bound=1.9016
Iteration: 7
ABSPT:(0,0), resolved = 0
====================================================================
Printing Opt Path: 
(0,0)
(1,1.34)
(3,2.5674)
====================================================================
ABSPT:(0,1), resolved = 1
====================================================================
Printing Opt Path: 
(0,1)
(1,1.66)
(3,3.0826)
====================================================================
ABSPT:(1,2), resolved = 0
====================================================================
Printing Opt Path: 
(0,1.70833)
(1,2)
(3,3.63)
====================================================================
ABSPT:(2,3), resolved = 0
====================================================================
Printing Opt Path: 
(0,1.99828)
(1,2.13918)
(3,3.9)
====================================================================
ABSPT:(0,2), resolved = 0
====================================================================
Printing Opt Path: 
(0,2)
(1,2.14)
(3,3.9016)
====================================================================
ABSPT:(3,5), resolved = 1
====================================================================
Printing Opt Path: 
(0,2.86862)
(1,2.8957)
(2,4.03846)
(3,5)
====================================================================
====================================================================
Printing Current ABSPTs:
(0,0), resolved = 0, lb = 1.8874, ub = 2.5674
(0,1), resolved = 1, lb = 2.0826, ub = 2.0826
(1,2), resolved = 0, lb = 1.77089, ub = 1.92167
(2,3), resolved = 0, lb = 1.90082, ub = 1.90172
(0,2), resolved = 0, lb = 1.78868, ub = 1.9016
(3,5), resolved = 1, lb = 2.13138, ub = 2.13138
====================================================================
current lower bound=1.78868
current upper bound=1.9016
Iteration: 8
ABSPT:(0,0), resolved = 0
====================================================================
Printing Opt Path: 
(0,0)
(1,1.34)
(3,2.5674)
====================================================================
ABSPT:(0,1), resolved = 1
====================================================================
Printing Opt Path: 
(0,1)
(1,1.66)
(3,3.0826)
====================================================================
ABSPT:(1,2), resolved = 1
====================================================================
Printing Opt Path: 
(0,1.70833)
(1,2)
(3,3.63)
====================================================================
ABSPT:(2,3), resolved = 0
====================================================================
Printing Opt Path: 
(0,1.99828)
(1,2.13918)
(3,3.9)
====================================================================
ABSPT:(0,2), resolved = 0
====================================================================
Printing Opt Path: 
(0,2)
(1,2.14)
(3,3.9016)
====================================================================
ABSPT:(3,5), resolved = 1
====================================================================
Printing Opt Path: 
(0,2.86862)
(1,2.8957)
(2,4.03846)
(3,5)
====================================================================
====================================================================
Printing Current ABSPTs:
(0,0), resolved = 0, lb = 1.8874, ub = 2.5674
(0,1), resolved = 1, lb = 2.0826, ub = 2.0826
(1,2), resolved = 1, lb = 1.92167, ub = 1.92167
(2,3), resolved = 0, lb = 1.90082, ub = 1.90172
(0,2), resolved = 0, lb = 1.78868, ub = 1.9016
(3,5), resolved = 1, lb = 2.13138, ub = 2.13138
====================================================================
current lower bound=1.79842
current upper bound=1.9016
Iteration: 9
ABSPT:(0,0), resolved = 0
====================================================================
Printing Opt Path: 
(0,0)
(1,1.34)
(3,2.5674)
====================================================================
ABSPT:(0,1), resolved = 1
====================================================================
Printing Opt Path: 
(0,1)
(1,1.66)
(3,3.0826)
====================================================================
ABSPT:(1,2), resolved = 1
====================================================================
Printing Opt Path: 
(0,1.70833)
(1,2)
(3,3.63)
====================================================================
ABSPT:(2,3), resolved = 0
====================================================================
Printing Opt Path: 
(0,1.99828)
(1,2.13918)
(3,3.9)
====================================================================
ABSPT:(0,2), resolved = 0
====================================================================
Printing Opt Path: 
(0,2)
(1,2.14)
(3,3.9016)
====================================================================
ABSPT:(2,4), resolved = 0
====================================================================
Printing Opt Path: 
(0,2.79369)
(1,2.83051)
(2,4)
(3,4.96)
====================================================================
ABSPT:(3,5), resolved = 1
====================================================================
Printing Opt Path: 
(0,2.86862)
(1,2.8957)
(2,4.03846)
(3,5)
====================================================================
====================================================================
Printing Current ABSPTs:
(0,0), resolved = 0, lb = 1.8874, ub = 2.5674
(0,1), resolved = 1, lb = 2.0826, ub = 2.0826
(1,2), resolved = 1, lb = 1.92167, ub = 1.92167
(2,3), resolved = 0, lb = 1.90082, ub = 1.90172
(0,2), resolved = 0, lb = 1.79842, ub = 1.9016
(2,4), resolved = 0, lb = 2.12984, ub = 2.16631
(3,5), resolved = 1, lb = 2.13138, ub = 2.13138
====================================================================
current lower bound=1.8874
current upper bound=1.9016
Iteration: 10
ABSPT:(0,0), resolved = 0
====================================================================
Printing Opt Path: 
(0,0)
(1,1.34)
(3,2.5674)
====================================================================
ABSPT:(0,1), resolved = 1
====================================================================
Printing Opt Path: 
(0,1)
(1,1.66)
(3,3.0826)
====================================================================
ABSPT:(1,2), resolved = 1
====================================================================
Printing Opt Path: 
(0,1.70833)
(1,2)
(3,3.63)
====================================================================
ABSPT:(2,3), resolved = 0
====================================================================
Printing Opt Path: 
(0,1.99828)
(1,2.13918)
(3,3.9)
====================================================================
ABSPT:(0,2), resolved = 1
====================================================================
Printing Opt Path: 
(0,2)
(1,2.14)
(3,3.9016)
====================================================================
ABSPT:(2,4), resolved = 0
====================================================================
Printing Opt Path: 
(0,2.79369)
(1,2.83051)
(2,4)
(3,4.96)
====================================================================
ABSPT:(3,5), resolved = 1
====================================================================
Printing Opt Path: 
(0,2.86862)
(1,2.8957)
(2,4.03846)
(3,5)
====================================================================
====================================================================
Printing Current ABSPTs:
(0,0), resolved = 0, lb = 1.8874, ub = 2.5674
(0,1), resolved = 1, lb = 2.0826, ub = 2.0826
(1,2), resolved = 1, lb = 1.92167, ub = 1.92167
(2,3), resolved = 0, lb = 1.90082, ub = 1.90172
(0,2), resolved = 1, lb = 1.9016, ub = 1.9016
(2,4), resolved = 0, lb = 2.12984, ub = 2.16631
(3,5), resolved = 1, lb = 2.13138, ub = 2.13138
====================================================================
current lower bound=1.90082
current upper bound=1.9016
Iteration: 11
ABSPT:(0,0), resolved = 0
====================================================================
Printing Opt Path: 
(0,0)
(1,1.34)
(3,2.5674)
====================================================================
ABSPT:(2,2), resolved = 0
====================================================================
Printing Opt Path: 
(0,0.509705)
(1,1.50311)
(3,2.83)
====================================================================
ABSPT:(0,1), resolved = 1
====================================================================
Printing Opt Path: 
(0,1)
(1,1.66)
(3,3.0826)
====================================================================
ABSPT:(1,2), resolved = 1
====================================================================
Printing Opt Path: 
(0,1.70833)
(1,2)
(3,3.63)
====================================================================
ABSPT:(2,3), resolved = 0
====================================================================
Printing Opt Path: 
(0,1.99828)
(1,2.13918)
(3,3.9)
====================================================================
ABSPT:(0,2), resolved = 1
====================================================================
Printing Opt Path: 
(0,2)
(1,2.14)
(3,3.9016)
====================================================================
ABSPT:(2,4), resolved = 0
====================================================================
Printing Opt Path: 
(0,2.79369)
(1,2.83051)
(2,4)
(3,4.96)
====================================================================
ABSPT:(3,5), resolved = 1
====================================================================
Printing Opt Path: 
(0,2.86862)
(1,2.8957)
(2,4.03846)
(3,5)
====================================================================
====================================================================
Printing Current ABSPTs:
(0,0), resolved = 0, lb = 2.2208, ub = 2.5674
(2,2), resolved = 0, lb = 1.98689, ub = 2.3203
(0,1), resolved = 1, lb = 2.0826, ub = 2.0826
(1,2), resolved = 1, lb = 1.92167, ub = 1.92167
(2,3), resolved = 0, lb = 1.90082, ub = 1.90172
(0,2), resolved = 1, lb = 1.9016, ub = 1.9016
(2,4), resolved = 0, lb = 2.12984, ub = 2.16631
(3,5), resolved = 1, lb = 2.13138, ub = 2.13138
====================================================================
current lower bound=1.9016
current upper bound=1.9016
Iteration: 12
ABSPT:(0,0), resolved = 0
====================================================================
Printing Opt Path: 
(0,0)
(1,1.34)
(3,2.5674)
====================================================================
ABSPT:(2,2), resolved = 0
====================================================================
Printing Opt Path: 
(0,0.509705)
(1,1.50311)
(3,2.83)
====================================================================
ABSPT:(0,1), resolved = 1
====================================================================
Printing Opt Path: 
(0,1)
(1,1.66)
(3,3.0826)
====================================================================
ABSPT:(1,2), resolved = 1
====================================================================
Printing Opt Path: 
(0,1.70833)
(1,2)
(3,3.63)
====================================================================
ABSPT:(2,3), resolved = 1
====================================================================
Printing Opt Path: 
(0,1.99828)
(1,2.13918)
(3,3.9)
====================================================================
ABSPT:(0,2), resolved = 1
====================================================================
Printing Opt Path: 
(0,2)
(1,2.14)
(3,3.9016)
====================================================================
ABSPT:(2,4), resolved = 0
====================================================================
Printing Opt Path: 
(0,2.79369)
(1,2.83051)
(2,4)
(3,4.96)
====================================================================
ABSPT:(3,5), resolved = 1
====================================================================
Printing Opt Path: 
(0,2.86862)
(1,2.8957)
(2,4.03846)
(3,5)
====================================================================
====================================================================
Printing Current ABSPTs:
(0,0), resolved = 0, lb = 2.2208, ub = 2.5674
(2,2), resolved = 0, lb = 1.98689, ub = 2.3203
(0,1), resolved = 1, lb = 2.0826, ub = 2.0826
(1,2), resolved = 1, lb = 1.92167, ub = 1.92167
(2,3), resolved = 1, lb = 1.90172, ub = 1.90172
(0,2), resolved = 1, lb = 1.9016, ub = 1.9016
(2,4), resolved = 0, lb = 2.12984, ub = 2.16631
(3,5), resolved = 1, lb = 2.13138, ub = 2.13138
====================================================================
Time taken by function: 1 milliseconds
====================================================================
Printing Opt Path: 
(0,2)
(1,2.14)
(3,3.9016)
====================================================================
All tests completed.

Process finished with exit code 0